[2025-02-11 05:35:05] [PID:20111] INFO: Сервер запущено!
[2025-02-11 05:35:26] [PID:20111] INFO: Роутер /api/flights отримав запит: GET /api/flights
[2025-02-11 05:35:26] [PID:20111] INFO: Запит на отримання рейсів. Дата: без фільтрації
[2025-02-11 05:35:26] [PID:20111] INFO: FlightService.getFlights викликано з параметром date: не вказано
[2025-02-11 05:35:26] [PID:20111] INFO: FlightService.getFlights повертає 20 рейсів
[2025-02-11 05:35:26] [PID:20111] INFO: Отримано 20 рейсів
[2025-02-11 05:42:57] [PID:20111] INFO: Роутер /api/flights отримав запит: GET /api/flights
[2025-02-11 05:42:57] [PID:20111] INFO: Запит на отримання рейсів. Дата: без фільтрації
[2025-02-11 05:42:57] [PID:20111] INFO: FlightService.getFlights викликано з параметром date: не вказано
[2025-02-11 05:42:57] [PID:20111] INFO: FlightService.getFlights повертає 20 рейсів
[2025-02-11 05:42:57] [PID:20111] INFO: Отримано 20 рейсів
[2025-02-11 05:47:19] [PID:20111] INFO: Роутер /api/flights отримав запит: GET /api/flights
[2025-02-11 05:47:19] [PID:20111] INFO: Запит на отримання рейсів. Дата: без фільтрації
[2025-02-11 05:47:19] [PID:20111] INFO: FlightService.getFlights викликано з параметром date: не вказано
[2025-02-11 05:47:19] [PID:20111] INFO: FlightService.getFlights повертає 20 рейсів
[2025-02-11 05:47:19] [PID:20111] INFO: Отримано 20 рейсів
[2025-02-11 05:47:31] [PID:20111] INFO: Роутер /api/flights отримав запит: GET /api/flights
[2025-02-11 05:47:31] [PID:20111] INFO: Запит на отримання рейсів. Дата: без фільтрації
[2025-02-11 05:47:31] [PID:20111] INFO: FlightService.getFlights викликано з параметром date: не вказано
[2025-02-11 05:47:31] [PID:20111] INFO: FlightService.getFlights повертає 20 рейсів
[2025-02-11 05:47:31] [PID:20111] INFO: Отримано 20 рейсів
[2025-02-11 05:59:10] [PID:20111] INFO: Роутер /api/flights отримав запит: GET /api/flights
[2025-02-11 05:59:10] [PID:20111] INFO: Запит на отримання рейсів. Дата: без фільтрації
[2025-02-11 05:59:10] [PID:20111] INFO: FlightService.getFlights викликано з параметром date: не вказано
[2025-02-11 05:59:10] [PID:20111] INFO: FlightService.getFlights повертає 20 рейсів
[2025-02-11 05:59:10] [PID:20111] INFO: Отримано 20 рейсів
[2025-02-11 06:55:43] [PID:20111] INFO: Роутер /api/flights отримав запит: GET /api/flights
[2025-02-11 06:55:43] [PID:20111] INFO: Запит на отримання рейсів. Дата: без фільтрації
[2025-02-11 06:55:43] [PID:20111] INFO: FlightService.getFlights викликано з параметром date: не вказано
[2025-02-11 06:55:43] [PID:20111] INFO: FlightService.getFlights повертає 20 рейсів
[2025-02-11 06:55:43] [PID:20111] INFO: Отримано 20 рейсів
